<?xml version="1.0" encoding="UTF-8"?>
<!-- Generated by org.testng.reporters.JUnitReportReporter -->
<testsuite skipped="0" hostname="DESKTOP-D9T9DF5" name="demo.TestNGMultiBrowserDemo" tests="3" failures="0" timestamp="06 Aug 2022 10:10:19 GMT" time="20.170" errors="0">
  <testcase name="test" time="7.460" classname="demo.TestNGMultiBrowserDemo"/>
  <testcase name="test" time="5.991" classname="demo.TestNGMultiBrowserDemo"/>
  <testcase name="test" time="6.719" classname="demo.TestNGMultiBrowserDemo"/>
</testsuite> <!-- demo.TestNGMultiBrowserDemo -->
