<?xml version="1.0" encoding="UTF-8"?>
<!-- Generated by org.testng.reporters.JUnitReportReporter -->
<testsuite skipped="0" hostname="DESKTOP-D9T9DF5" name="com.flipkart.tests.SearchForProductTest" tests="1" failures="0" timestamp="06 Aug 2022 13:41:41 GMT" time="17.065" errors="0">
  <testcase name="GetProductNameAndPriceList" time="17.065" classname="com.flipkart.tests.SearchForProductTest"/>
</testsuite> <!-- com.flipkart.tests.SearchForProductTest -->
